<?xml version="1.0" encoding="utf-8"?><testsuites><testsuite name="pytest" errors="0" failures="0" skipped="0" tests="3" time="0.606" timestamp="2024-06-02T20:21:33.181885" hostname="8bc3c75d82fa"><testcase classname="tests.test_prediction" name="test_single_pred_not_none" time="0.015" /><testcase classname="tests.test_prediction" name="test_single_pred_str_type" time="0.015" /><testcase classname="tests.test_prediction" name="test_single_pred_validate" time="0.014" /></testsuite></testsuites>